Log file open, 03/25/17 11:10:28
LogInit:Display: Running engine for game: MLBA
LogPlatformFile: Not using cached read wrapper
LogInit:Display: RandInit(-1968633646) SRandInit(-1968633646).
LogTaskGraph: Started task graph with 5 named threads and 8 total threads with 1 sets of task threads.
LogStats: Stats thread started at 2.938741
LogInit: Using libcurl 7.47.1
LogInit:  - built for x86_64-pc-win32
LogInit:  - supports SSL with OpenSSL/1.0.2g
LogInit:  - supports HTTP deflate (compression) using libz 1.2.8
LogInit:  - other features:
LogInit:      CURL_VERSION_SSL
LogInit:      CURL_VERSION_LIBZ
LogInit:      CURL_VERSION_IPV6
LogInit:      CURL_VERSION_ASYNCHDNS
LogInit:      CURL_VERSION_LARGEFILE
LogInit:      CURL_VERSION_IDN
LogInit:  CurlRequestOptions (configurable via config and command line):
LogInit:  - bVerifyPeer = false  - Libcurl will NOT verify peer certificate
LogInit:  - bUseHttpProxy = false  - Libcurl will NOT use HTTP proxy
LogInit:  - bDontReuseConnections = false  - Libcurl will reuse connections
LogInit:  - CertBundlePath = nullptr  - Libcurl will use whatever was configured at build time.
LogInit: Build: ++UE4+Release-4.15-CL-3348071
LogInit: Engine Version: 4.15.1-3348071+++UE4+Release-4.15
LogInit: Compatible Engine Version: 4.15.0-3299760+++UE4+Release-4.15
LogInit: Net CL: 3299760
LogDevObjectVersion: Number of dev versions registered: 14
LogDevObjectVersion:   Dev-Blueprints (B0D832E4-1F89-4F0D-ACCF-7EB736FD4AA2): 8
LogDevObjectVersion:   Dev-Build (E1C64328-A22C-4D53-A36C-8E866417BD8C): 0
LogDevObjectVersion:   Dev-Core (375EC13C-06E4-48FB-B500-84F0262A717E): 2
LogDevObjectVersion:   Dev-Editor (E4B068ED-F494-42E9-A231-DA0B2E46BB41): 14
LogDevObjectVersion:   Dev-Framework (CFFC743F-43B0-4480-9391-14DF171D2073): 22
LogDevObjectVersion:   Dev-Mobile (B02B49B5-BB20-44E9-A304-32B752E40360): 0
LogDevObjectVersion:   Dev-Networking (A4E4105C-59A1-49B5-A7C5-40C4547EDFEE): 0
LogDevObjectVersion:   Dev-Online (39C831C9-5AE6-47DC-9A44-9C173E1C8E7C): 0
LogDevObjectVersion:   Dev-Physics (78F01B33-EBEA-4F98-B9B4-84EACCB95AA2): 0
LogDevObjectVersion:   Dev-Platform (6631380F-2D4D-43E0-8009-CF276956A95A): 0
LogDevObjectVersion:   Dev-Rendering (12F88B9F-8875-4AFC-A67C-D90C383ABD29): 12
LogDevObjectVersion:   Dev-Sequencer (7B5AE74C-D270-4C10-A958-57980B212A5A): 3
LogDevObjectVersion:   Dev-VR (D7296918-1DD6-4BDD-9DE2-64A83CC13884): 0
LogDevObjectVersion:   Dev-LoadTimes (C2A15278-BFE7-4AFE-6C17-90FF531DF755): 1
LogInit: Compiled (64-bit): Mar 15 2017 16:52:47
LogInit: Compiled with Visual C++: 19.00.23026.00
LogInit: Build Configuration: Development
LogInit: Branch Name: ++UE4+Release-4.15
LogInit: Command line:  
LogInit: Base directory: D:/UE_4.15/Engine/Binaries/Win64/
LogInit: Installed Engine Build: 1
LogInit: Presizing for max 8388607 objects, including 0 objects not considered by GC, pre-allocating 0 bytes for permanent pool.
LogInit: Object subsystem initialized
[2017.03.25-11.10.30:749][  0]LogInit: Selected Device Profile: [Windows]
[2017.03.25-11.10.30:749][  0]LogInit: Applying CVar settings loaded from the selected device profile: [Windows]
[2017.03.25-11.10.30:861][  0]LogInit: Computer: MSI
[2017.03.25-11.10.30:861][  0]LogInit: User: CometGoat
[2017.03.25-11.10.30:861][  0]LogInit: CPU Page size=65536, Cores=4
[2017.03.25-11.10.30:861][  0]LogInit: High frequency timer resolution =2.531251 MHz
[2017.03.25-11.10.30:861][  0]LogMemory: Memory total: Physical=15.9GB (16GB approx)
[2017.03.25-11.10.30:861][  0]LogMemory: Platform Memory Stats for Windows
[2017.03.25-11.10.30:861][  0]LogMemory: Process Physical Memory: 266.28 MB used, 266.28 MB peak
[2017.03.25-11.10.30:861][  0]LogMemory: Process Virtual Memory: 262.71 MB used, 262.71 MB peak
[2017.03.25-11.10.30:861][  0]LogMemory: Physical Memory: 4429.42 MB used,  11839.63 MB free, 16269.05 MB total
[2017.03.25-11.10.30:861][  0]LogMemory: Virtual Memory: 645.61 MB used,  11839.63 MB free, 134217728.00 MB total
[2017.03.25-11.10.33:374][  0]LogTextLocalizationManager: No specific translations for ('en-GB') exist, so ('en') translations will be used.
[2017.03.25-11.10.38:887][  0]LogD3D11RHI: D3D11 adapters:
[2017.03.25-11.10.40:215][  0]LogD3D11RHI:    0. 'NVIDIA GeForce GTX 1060' (Feature Level 11_0)
[2017.03.25-11.10.40:215][  0]LogD3D11RHI:       6100/0/8134 MB DedicatedVideo/DedicatedSystem/SharedSystem, Outputs:1, VendorId:0x10de
[2017.03.25-11.10.40:229][  0]LogD3D11RHI:    1. 'Intel(R) HD Graphics 530' (Feature Level 11_0)
[2017.03.25-11.10.40:229][  0]LogD3D11RHI:       128/0/8134 MB DedicatedVideo/DedicatedSystem/SharedSystem, Outputs:0, VendorId:0x8086
[2017.03.25-11.10.40:231][  0]LogD3D11RHI:    2. 'Microsoft Basic Render Driver' (Feature Level 11_0)
[2017.03.25-11.10.40:231][  0]LogD3D11RHI:       0/0/8134 MB DedicatedVideo/DedicatedSystem/SharedSystem, Outputs:0, VendorId:0x1414
[2017.03.25-11.10.40:231][  0]LogD3D11RHI: Chosen D3D11 Adapter: 0
[2017.03.25-11.10.40:240][  0]LogD3D11RHI: Creating new Direct3DDevice
[2017.03.25-11.10.40:240][  0]LogD3D11RHI:     GPU DeviceId: 0x1c20 (for the marketing name, search the web for "GPU Device Id")
[2017.03.25-11.10.40:240][  0]LogWindows: EnumDisplayDevices:
[2017.03.25-11.10.40:240][  0]LogWindows:    0. 'Intel(R) HD Graphics 530' (P:1 D:1)
[2017.03.25-11.10.40:241][  0]LogWindows:    1. 'Intel(R) HD Graphics 530' (P:0 D:0)
[2017.03.25-11.10.40:241][  0]LogWindows:    2. 'Intel(R) HD Graphics 530' (P:0 D:0)
[2017.03.25-11.10.40:241][  0]LogWindows:    3. 'NVIDIA GeForce GTX 1060' (P:0 D:0)
[2017.03.25-11.10.40:242][  0]LogWindows:    4. 'NVIDIA GeForce GTX 1060' (P:0 D:0)
[2017.03.25-11.10.40:242][  0]LogWindows:    5. 'NVIDIA GeForce GTX 1060' (P:0 D:0)
[2017.03.25-11.10.40:242][  0]LogWindows:    6. 'NVIDIA GeForce GTX 1060' (P:0 D:0)
[2017.03.25-11.10.40:243][  0]LogWindows: DebugString: PrimaryIsNotTheChoosenAdapter PrimaryIsNotTheChoosenAdapter PrimaryIsNotTheChoosenAdapter FoundDriverCount:4 
[2017.03.25-11.10.40:243][  0]LogD3D11RHI:     Adapter Name: NVIDIA GeForce GTX 1060
[2017.03.25-11.10.40:243][  0]LogD3D11RHI:   Driver Version: 376.54 (internal:21.21.13.7654, unified:376.54)
[2017.03.25-11.10.40:243][  0]LogD3D11RHI:      Driver Date: 12-29-2016
[2017.03.25-11.10.40:243][  0]LogRHI: Texture pool is 1361 MB (70% of 1945 MB)
[2017.03.25-11.10.40:275][  0]LogD3D11RHI: Async texture creation enabled
[2017.03.25-11.10.40:601][  0]LogD3D11RHI: GPU Timing Frequency: 1000.000000 (Debug: 2 1)
[2017.03.25-11.10.40:688][  0]LogShaderCompilers: Guid format shader working directory is 5 characters bigger than the processId version (C:/Users/CometGoat/Documents/GitHub/MLBA/MLBA/Intermediate/Shaders/WorkingDirectory/5764/).
[2017.03.25-11.10.40:688][  0]LogShaderCompilers: Cleaned the shader compiler working directory 'C:/Users/CometGoat/AppData/Local/Temp/UnrealShaderWorkingDir/8FB6DD2B457087CCD0594D94BB488838/'.
[2017.03.25-11.10.40:694][  0]LogShaderCompilers:Display: Using Local Shader Compiler.
[2017.03.25-11.10.46:809][  0]LogTemp:Display: Loaded TP AllDesktopTargetPlatform
[2017.03.25-11.10.46:908][  0]LogTemp:Display: Loaded TP MacClientTargetPlatform
[2017.03.25-11.10.47:000][  0]LogTemp:Display: Loaded TP MacNoEditorTargetPlatform
[2017.03.25-11.10.47:078][  0]LogTemp:Display: Loaded TP MacServerTargetPlatform
[2017.03.25-11.10.47:174][  0]LogTemp:Display: Loaded TP MacTargetPlatform
[2017.03.25-11.10.47:253][  0]LogTemp:Display: Loaded TP WindowsClientTargetPlatform
[2017.03.25-11.10.47:332][  0]LogTemp:Display: Loaded TP WindowsNoEditorTargetPlatform
[2017.03.25-11.10.47:414][  0]LogTemp:Display: Loaded TP WindowsServerTargetPlatform
[2017.03.25-11.10.47:490][  0]LogTemp:Display: Loaded TP WindowsTargetPlatform
[2017.03.25-11.10.47:581][  0]LogTemp:Display: Loaded TP AndroidTargetPlatform
[2017.03.25-11.10.47:668][  0]LogTemp:Display: Loaded TP Android_ASTCTargetPlatform
[2017.03.25-11.10.47:742][  0]LogTemp:Display: Loaded TP Android_ATCTargetPlatform
[2017.03.25-11.10.47:817][  0]LogTemp:Display: Loaded TP Android_DXTTargetPlatform
[2017.03.25-11.10.47:891][  0]LogTemp:Display: Loaded TP Android_ETC1TargetPlatform
[2017.03.25-11.10.47:970][  0]LogTemp:Display: Loaded TP Android_ETC2TargetPlatform
[2017.03.25-11.10.48:123][  0]LogTemp:Display: Loaded TP Android_MultiTargetPlatform
[2017.03.25-11.10.48:123][  0]LogTemp:Display: Loaded TP Android_PVRTCTargetPlatform
[2017.03.25-11.10.48:169][  0]LogTemp:Display: Loaded TP HTML5TargetPlatform
[2017.03.25-11.10.48:383][  0]LogTemp:Display: Loaded TP IOSTargetPlatform
[2017.03.25-11.10.48:446][  0]LogTemp:Display: Loaded TP TVOSTargetPlatform
[2017.03.25-11.10.48:528][  0]LogTemp:Display: Loaded TP LinuxClientTargetPlatform
[2017.03.25-11.10.48:604][  0]LogTemp:Display: Loaded TP LinuxNoEditorTargetPlatform
[2017.03.25-11.10.48:679][  0]LogTemp:Display: Loaded TP LinuxServerTargetPlatform
[2017.03.25-11.10.48:769][  0]LogTemp:Display: Loaded TP LinuxTargetPlatform
[2017.03.25-11.10.48:769][  0]LogTargetPlatformManager:Display: Building Assets For Windows
[2017.03.25-11.10.50:288][  0]LogDerivedDataCache:Display: Max Cache Size: 512 MB
[2017.03.25-11.10.50:545][  0]LogDerivedDataCache: Loaded boot cache 0.26s 51MB C:/Users/CometGoat/AppData/Local/UnrealEngine/4.15/DerivedDataCache/Boot.ddc.
[2017.03.25-11.10.50:545][  0]LogDerivedDataCache:Display: Loaded Boot cache: C:/Users/CometGoat/AppData/Local/UnrealEngine/4.15/DerivedDataCache/Boot.ddc
[2017.03.25-11.10.50:545][  0]LogDerivedDataCache: FDerivedDataBackendGraph:  Pak pak cache file C:/Users/CometGoat/Documents/GitHub/MLBA/MLBA/DerivedDataCache/DDC.ddp not found, will not use a pak cache.
[2017.03.25-11.10.50:545][  0]LogDerivedDataCache: Unable to find inner node Pak for hierarchical cache Hierarchy.
[2017.03.25-11.10.50:546][  0]LogDerivedDataCache: FDerivedDataBackendGraph:  CompressedPak pak cache file C:/Users/CometGoat/Documents/GitHub/MLBA/MLBA/DerivedDataCache/Compressed.ddp not found, will not use a pak cache.
[2017.03.25-11.10.50:546][  0]LogDerivedDataCache: Unable to find inner node CompressedPak for hierarchical cache Hierarchy.
[2017.03.25-11.10.50:644][  0]LogDerivedDataCache:Display: Pak cache opened for reading ../../../Engine/DerivedDataCache/Compressed.ddp.
[2017.03.25-11.10.50:658][  0]LogDerivedDataCache: Using Local data cache path C:/Users/CometGoat/AppData/Local/UnrealEngine/Common/DerivedDataCache: Writable
[2017.03.25-11.10.50:855][  0]LogSlate: Using Freetype 2.6.0
[2017.03.25-11.10.51:062][  0]LogSlate: SlateFontCache - WITH_FREETYPE: 1, WITH_HARFBUZZ: 1
[2017.03.25-11.10.51:062][  0]LogSlate: SlateFontCache - WITH_FREETYPE: 1, WITH_HARFBUZZ: 1
[2017.03.25-11.11.02:742][  0]LogInit: Selected Device Profile: [Windows]
[2017.03.25-11.11.02:850][  0]LogContentStreaming: Texture pool size is 0.00 MB
[2017.03.25-11.11.03:801][  0]LogMeshUtilities: Using QuadricMeshReduction for automatic static mesh reduction
[2017.03.25-11.11.03:873][  0]LogSimplygon: Simplygon DLL not present - disabling.
[2017.03.25-11.11.03:944][  0]LogMeshUtilities: Using SimplygonSwarm for distributed automatic mesh merging
[2017.03.25-11.11.03:944][  0]LogMeshUtilities: No automatic skeletal mesh reduction module available
[2017.03.25-11.11.03:944][  0]LogMeshUtilities: No automatic mesh merging module available
[2017.03.25-11.11.10:865][  0]LogNetVersion: GetLocalNetworkVersion: CL: 3299760, ProjectName: mlba, ProjectVersion: , EngineNetworkVersion: 2, GameNetworkVersion: 0, NetworkChecksum: 2930382976
[2017.03.25-11.11.11:002][  0]LogAssetRegistry: FAssetRegistry took 0.0270 seconds to start up
[2017.03.25-11.11.11:171][  0]LogPackageLocalizationCache: Processed 3 localized package path(s) for 2 prioritized culture(s) in 0.082842 seconds
[2017.03.25-11.11.11:198][  0]LogUObjectArray: 32493 objects as part of root set at end of initial load.
[2017.03.25-11.11.11:198][  0]LogUObjectAllocator: 7077024 out of 0 bytes used by permanent object pool.
[2017.03.25-11.11.11:198][  0]LogUObjectArray: CloseDisregardForGC: 0/0 objects in disregard for GC pool
[2017.03.25-11.11.11:316][  0]LogInit: WinSock: version 1.1 (2.2), MaxSocks=32767, MaxUdp=65467
[2017.03.25-11.11.21:698][  0]LogTcpMessaging: Initializing TcpMessaging bridge
[2017.03.25-11.11.21:765][  0]LogUdpMessaging: Initializing bridge on interface 0.0.0.0:0 to multicast group 230.0.0.1:6666.
[2017.03.25-11.11.23:295][  0]LogMaterial: Uniform references updated for custom material expression Custom.
[2017.03.25-11.11.24:529][  0]SourceControl: Info Source control is disabled
[2017.03.25-11.11.24:532][  0]SourceControl: Info Source control is disabled
[2017.03.25-11.11.24:628][  0]SourceControl: Info Source control is disabled
[2017.03.25-11.11.24:709][  0]SourceControl: Info Source control is disabled
[2017.03.25-11.11.27:415][  0]LogEngine: Initializing Engine...
[2017.03.25-11.11.27:429][  0]LogHMD: Failed to initialize OpenVR with code 110
[2017.03.25-11.11.29:089][  0]LogAIModule: Creating AISystem for world Untitled
[2017.03.25-11.11.29:195][  0]LogInit: XAudio2 using 'HeadPhone/Digital Output (Realtek High Definition Audio)' : 2 channels at 48 kHz using 16 bits per sample (channel mask 0x3)
[2017.03.25-11.11.29:353][  0]LogInit: FAudioDevice initialized.
[2017.03.25-11.11.29:414][  0]LogDerivedDataCache: Saved boot cache 0.06s 51MB C:/Users/CometGoat/AppData/Local/UnrealEngine/4.15/DerivedDataCache/Boot.ddc.
[2017.03.25-11.11.29:426][  0]LogInit: Texture streaming: Enabled
[2017.03.25-11.11.29:622][  0]LogEngineSessionManager: EngineSessionManager initialized
[2017.03.25-11.11.29:963][  0]LogInit: Transaction tracking system initialized
[2017.03.25-11.11.30:725][  0]BlueprintLog: New page: Editor Load
[2017.03.25-11.11.32:419][  0]LocalizationService: Info Localization service is disabled
[2017.03.25-11.11.33:581][  0]LogConsoleResponse:Display: 
[2017.03.25-11.11.35:479][  0]LogFileCache: Scanning file cache for directory 'C:/Users/CometGoat/Documents/GitHub/MLBA/MLBA/Content/' took 0.02s
[2017.03.25-11.11.35:479][  0]LogCook:Display: Max memory allowance for cook 16384mb min free memory 0mb
[2017.03.25-11.11.35:480][  0]LogCook:Display: Mobile HDR setting 1
[2017.03.25-11.11.38:095][  0]SourceControl: Info Source control is disabled
[2017.03.25-11.11.38:130][  0]Cmd: MAP LOAD FILE="../../../Engine/Content/Maps/Templates/Template_Default.umap" TEMPLATE=1 SHOWPROGRESS=1 FEATURELEVEL=3
[2017.03.25-11.11.38:179][  0]LightingResults: New page: Lighting Build
[2017.03.25-11.11.38:292][  0]MapCheck: New page: Map Check
[2017.03.25-11.11.38:292][  0]LightingResults: New page: Lighting Build
[2017.03.25-11.11.39:273][  0]LogAIModule: Creating AISystem for world Untitled_1
[2017.03.25-11.11.39:321][  0]LogActorComponent: RegisterComponentWithWorld: (/Temp/Untitled_1.Untitled_1:PersistentLevel.WorldSettings_1.StaticMeshComponent0) Trying to register component with IsPendingKill() == true. Aborting.
[2017.03.25-11.11.39:566][  0]LogEditorServer: Finished looking for orphan Actors (0.000 secs)
[2017.03.25-11.11.39:602][  0]Cmd: MAP CHECKDEP NOCLEARLOG
[2017.03.25-11.11.39:659][  0]MapCheck: Info Map check complete: 0 Error(s), 0 Warning(s), took 56.666ms to complete.
[2017.03.25-11.11.39:659][  0]LogFileHelpers: Loading map 'Template_Default' took 1.532
[2017.03.25-11.11.40:916][  0]LogCollectionManager: Loaded 1 collections in 0.007724 seconds
[2017.03.25-11.11.41:070][  0]LogFileCache: Scanning file cache for directory 'C:/Users/CometGoat/Documents/GitHub/MLBA/MLBA/Saved/Collections/' took 0.01s
[2017.03.25-11.11.41:070][  0]LogFileCache: Scanning file cache for directory 'C:/Users/CometGoat/Documents/GitHub/MLBA/MLBA/Content/Developers/CometGoat/Collections/' took 0.01s
[2017.03.25-11.11.41:070][  0]LogFileCache: Scanning file cache for directory 'C:/Users/CometGoat/Documents/GitHub/MLBA/MLBA/Content/Collections/' took 0.01s
[2017.03.25-11.11.41:070][  0]LogCollectionManager: Rebuilt the GUID cache for 1 collections in 0.000016 seconds
[2017.03.25-11.11.41:070][  0]LogCollectionManager: Rebuilt the hierarchy cache for 1 collections in 0.000000 seconds
[2017.03.25-11.11.41:091][  0]LogContentBrowser: Native class hierarchy populated in 0.0182 seconds. Added 2245 classes and 453 folders.
[2017.03.25-11.11.41:131][  0]LogStats: UGameplayTagsManager::ConstructGameplayTagTree: Construct from data asset -  0.000 s
[2017.03.25-11.11.41:131][  0]LogStats: UGameplayTagsManager::ConstructGameplayTagTree: GameplayTagTreeChangedEvent.Broadcast -  0.000 s
[2017.03.25-11.11.41:231][  0]LogContentBrowser: Native class hierarchy updated for 'WidgetCarousel' in 0.0009 seconds. Added 0 classes and 0 folders.
[2017.03.25-11.11.42:542][  0]LogContentBrowser: Native class hierarchy updated for 'AddContentDialog' in 0.0011 seconds. Added 0 classes and 0 folders.
[2017.03.25-11.11.42:651][  0]LogContentBrowser: Native class hierarchy updated for 'SceneOutliner' in 0.0012 seconds. Added 1 classes and 2 folders.
[2017.03.25-11.11.43:822][  0]LogCrashTracker: Crashtracker disabled due to settings.
[2017.03.25-11.11.43:919][  0]LogUObjectGlobals:Warning: Failed to find object 'Class None.'
[2017.03.25-11.11.44:067][  0]LogContentBrowser: Native class hierarchy updated for 'HierarchicalLODOutliner' in 0.0012 seconds. Added 1 classes and 2 folders.
[2017.03.25-11.11.44:067][  0]LogLoad: (Engine Initialization) Total time: 85.91 seconds
[2017.03.25-11.11.44:067][  0]LogLoad: (Engine Initialization) Total Blueprint compile time: 0.53 seconds
[2017.03.25-11.11.44:067][  0]LogExternalProfiler: Found external profiler: VSPerf
[2017.03.25-11.11.44:067][  0]LogExternalProfiler: Using external profiler: VSPerf
[2017.03.25-11.11.44:101][  0]LogOcInput: OculusInput pre-init called
[2017.03.25-11.11.44:228][  0]LogContentStreaming: Texture pool size now 1000 MB
[2017.03.25-11.11.44:295][  0]LogSlate: Took 0.020134 seconds to synchronously load lazily loaded font '../../../Engine/Content/Slate/Fonts/Roboto-Regular.ttf' (155K)
[2017.03.25-11.11.44:324][  0]LogSlate: Took 0.021171 seconds to synchronously load lazily loaded font '../../../Engine/Content/Slate/Fonts/Roboto-Bold.ttf' (160K)
[2017.03.25-11.11.44:992][  0]LogRenderer: Reallocating scene render targets to support 1228x556 NumSamples 1 (Frame:2).
[2017.03.25-11.11.45:358][  2]LogSlate: Took 0.024144 seconds to synchronously load lazily loaded font '../../../Engine/Content/Slate/Fonts/Roboto-Light.ttf' (159K)
[2017.03.25-11.11.45:445][  4]LogAssetRegistry: Asset discovery search completed in 34.4661 seconds
[2017.03.25-11.11.45:445][  4]LogCollectionManager: Rebuilt the object cache for 1 collections in 0.000012 seconds (found 0 objects)
[2017.03.25-11.11.45:445][  4]LogCollectionManager: Fixed up redirectors for 1 collections in 0.000053 seconds (updated 0 objects)
[2017.03.25-11.11.53:551][430]LogSlate: Took 0.000288 seconds to synchronously load lazily loaded font '../../../Engine/Content/Slate/Fonts/Roboto-Light.ttf' (159K)
[2017.03.25-11.11.54:574][430]LogSlate: Took 0.000376 seconds to synchronously load lazily loaded font '../../../Engine/Content/Slate/Fonts/Roboto-Regular.ttf' (155K)
[2017.03.25-11.11.55:067][430]LogContentBrowser: Native class hierarchy updated for 'BlueprintGraph' in 0.0018 seconds. Added 112 classes and 0 folders.
[2017.03.25-11.11.59:633][430]LogSlate: Took 0.021243 seconds to synchronously load lazily loaded font '../../../Engine/Content/Editor/Slate/Fonts/FontAwesome.ttf' (139K)
[2017.03.25-11.11.59:672][430]LogSlate: Took 0.023014 seconds to synchronously load lazily loaded font '../../../Engine/Content/Editor/Slate/Fonts/Roboto-BoldCondensed.ttf' (158K)
[2017.03.25-11.12.55:465][ 69]LogSlate: Took 0.048167 seconds to synchronously load lazily loaded font '../../../Engine/Content/Editor/Slate/Fonts/Roboto-Italic.ttf' (157K)
[2017.03.25-11.17.43:471][244]LogSlate: Took 0.019567 seconds to synchronously load lazily loaded font '../../../Engine/Content/Editor/Slate/Fonts/Roboto-BoldCondensedItalic.ttf' (160K)
[2017.03.25-11.17.49:542][478]BlueprintLog: New page: Compile BP_4CameraRig
[2017.03.25-11.17.50:937][497]Cmd: OBJ SAVEPACKAGE PACKAGE="/Game/Experimental/BP_4CameraRig" FILE="C:/Users/CometGoat/Documents/GitHub/MLBA/MLBA/Content/Experimental/BP_4CameraRig.uasset" SILENT=true
[2017.03.25-11.17.51:133][497]LogSavePackage: Save=176.14ms
[2017.03.25-11.17.51:133][497]LogSavePackage: Moving 'C:/Users/CometGoat/Documents/GitHub/MLBA/MLBA/Saved/BP_4CameraRig3E30783846D37ADFA71CE283CA89CE4D.tmp' to 'C:/Users/CometGoat/Documents/GitHub/MLBA/MLBA/Content/Experimental/BP_4CameraRig.uasset'
[2017.03.25-11.17.51:137][497]LogSavePackage:Display: Finished SavePackage C:/Users/CometGoat/Documents/GitHub/MLBA/MLBA/Content/Experimental/BP_4CameraRig.uasset
[2017.03.25-11.20.09:891][231]BlueprintLog: New page: Compile BP_4CameraRig
[2017.03.25-11.20.10:776][244]Cmd: OBJ SAVEPACKAGE PACKAGE="/Game/Experimental/BP_4CameraRig" FILE="C:/Users/CometGoat/Documents/GitHub/MLBA/MLBA/Content/Experimental/BP_4CameraRig.uasset" SILENT=true
[2017.03.25-11.20.10:958][244]LogSavePackage: Save=169.86ms
[2017.03.25-11.20.10:958][244]LogSavePackage: Moving 'C:/Users/CometGoat/Documents/GitHub/MLBA/MLBA/Saved/BP_4CameraRigFC64BEB64D9A28C8396454BDCFF7D123.tmp' to 'C:/Users/CometGoat/Documents/GitHub/MLBA/MLBA/Content/Experimental/BP_4CameraRig.uasset'
[2017.03.25-11.20.10:962][244]LogSavePackage:Display: Finished SavePackage C:/Users/CometGoat/Documents/GitHub/MLBA/MLBA/Content/Experimental/BP_4CameraRig.uasset
[2017.03.25-11.23.15:150][921]LogEditorTransaction: Undo Add Node
[2017.03.25-11.24.45:905][627]BlueprintLog: New page: Compile BP_4CameraRig
[2017.03.25-11.24.46:755][639]Cmd: OBJ SAVEPACKAGE PACKAGE="/Game/Experimental/BP_4CameraRig" FILE="C:/Users/CometGoat/Documents/GitHub/MLBA/MLBA/Content/Experimental/BP_4CameraRig.uasset" SILENT=true
[2017.03.25-11.24.46:951][639]LogSavePackage: Save=175.88ms
[2017.03.25-11.24.46:951][639]LogSavePackage: Moving 'C:/Users/CometGoat/Documents/GitHub/MLBA/MLBA/Saved/BP_4CameraRigAA35554D46CA2F1E7FEC4292670D2990.tmp' to 'C:/Users/CometGoat/Documents/GitHub/MLBA/MLBA/Content/Experimental/BP_4CameraRig.uasset'
[2017.03.25-11.24.46:957][639]LogSavePackage:Display: Finished SavePackage C:/Users/CometGoat/Documents/GitHub/MLBA/MLBA/Content/Experimental/BP_4CameraRig.uasset
[2017.03.25-11.26.55:857][390]LogEditorTransaction: Undo Paste clipboard contents
[2017.03.25-11.27.07:800][905]LogEditorTransaction: Undo Move Node
[2017.03.25-11.27.44:775][796]BlueprintLog: New page: Compile BP_4CameraRig
[2017.03.25-11.27.45:852][808]Cmd: OBJ SAVEPACKAGE PACKAGE="/Game/Experimental/BP_4CameraRig" FILE="C:/Users/CometGoat/Documents/GitHub/MLBA/MLBA/Content/Experimental/BP_4CameraRig.uasset" SILENT=true
[2017.03.25-11.27.46:052][808]LogSavePackage: Save=189.23ms
[2017.03.25-11.27.46:053][808]LogSavePackage: Moving 'C:/Users/CometGoat/Documents/GitHub/MLBA/MLBA/Saved/BP_4CameraRig60E1BB9F4A6A474AF53B5AAD5C6494CD.tmp' to 'C:/Users/CometGoat/Documents/GitHub/MLBA/MLBA/Content/Experimental/BP_4CameraRig.uasset'
[2017.03.25-11.27.46:059][808]LogSavePackage:Display: Finished SavePackage C:/Users/CometGoat/Documents/GitHub/MLBA/MLBA/Content/Experimental/BP_4CameraRig.uasset
[2017.03.25-11.43.15:873][158]BlueprintLog: New page: Compile BP_4CameraRig
[2017.03.25-11.43.16:877][177]Cmd: OBJ SAVEPACKAGE PACKAGE="/Game/Experimental/BP_4CameraRig" FILE="C:/Users/CometGoat/Documents/GitHub/MLBA/MLBA/Content/Experimental/BP_4CameraRig.uasset" SILENT=true
[2017.03.25-11.43.17:075][177]LogSavePackage: Save=181.18ms
[2017.03.25-11.43.17:076][177]LogSavePackage: Moving 'C:/Users/CometGoat/Documents/GitHub/MLBA/MLBA/Saved/BP_4CameraRig4CB6C8BA4F1D87BB9965689974F5455D.tmp' to 'C:/Users/CometGoat/Documents/GitHub/MLBA/MLBA/Content/Experimental/BP_4CameraRig.uasset'
[2017.03.25-11.43.17:080][177]LogSavePackage:Display: Finished SavePackage C:/Users/CometGoat/Documents/GitHub/MLBA/MLBA/Content/Experimental/BP_4CameraRig.uasset
[2017.03.25-11.56.52:156][900]BlueprintLog: New page: Compile BP_4CameraRig
[2017.03.25-11.56.53:063][922]Cmd: OBJ SAVEPACKAGE PACKAGE="/Game/Experimental/BP_4CameraRig" FILE="C:/Users/CometGoat/Documents/GitHub/MLBA/MLBA/Content/Experimental/BP_4CameraRig.uasset" SILENT=true
[2017.03.25-11.56.53:268][922]LogSavePackage: Save=186.23ms
[2017.03.25-11.56.53:268][922]LogSavePackage: Moving 'C:/Users/CometGoat/Documents/GitHub/MLBA/MLBA/Saved/BP_4CameraRigA58C7C7D4C14DBC759B0C5AE1BB46B0F.tmp' to 'C:/Users/CometGoat/Documents/GitHub/MLBA/MLBA/Content/Experimental/BP_4CameraRig.uasset'
[2017.03.25-11.56.53:272][922]LogSavePackage:Display: Finished SavePackage C:/Users/CometGoat/Documents/GitHub/MLBA/MLBA/Content/Experimental/BP_4CameraRig.uasset
[2017.03.25-11.57.49:775][778]BlueprintLog: New page: Compile BP_4CameraRig
[2017.03.25-11.58.52:339][949]LogClass:Warning: Array Inner Type mismatch in HighestRatedCameras of HighestRatedCameras - Previous (IntProperty) Current(ObjectProperty) for package:  FObjectReader
[2017.03.25-12.23.37:272][513]BlueprintLog: New page: Compile BP_4CameraRig
[2017.03.25-12.23.37:431][513]LogClass:Warning: Array Inner Type mismatch in HighestRatedCameras of HighestRatedCameras - Previous (IntProperty) Current(ObjectProperty) for package:  FObjectReader
[2017.03.25-12.23.38:221][530]Cmd: OBJ SAVEPACKAGE PACKAGE="/Game/Experimental/BP_4CameraRig" FILE="C:/Users/CometGoat/Documents/GitHub/MLBA/MLBA/Content/Experimental/BP_4CameraRig.uasset" SILENT=true
[2017.03.25-12.23.38:427][530]LogSavePackage: Save=187.97ms
[2017.03.25-12.23.38:427][530]LogSavePackage: Moving 'C:/Users/CometGoat/Documents/GitHub/MLBA/MLBA/Saved/BP_4CameraRig1202C97345012D523DF12FB880E6D2A5.tmp' to 'C:/Users/CometGoat/Documents/GitHub/MLBA/MLBA/Content/Experimental/BP_4CameraRig.uasset'
[2017.03.25-12.23.38:432][530]LogSavePackage:Display: Finished SavePackage C:/Users/CometGoat/Documents/GitHub/MLBA/MLBA/Content/Experimental/BP_4CameraRig.uasset
[2017.03.25-12.25.07:415][766]LogEditorTransaction: Undo Move Node
[2017.03.25-12.25.51:325][  0]BlueprintLog: New page: Compile BP_4CameraRig
[2017.03.25-12.25.52:362][ 14]Cmd: OBJ SAVEPACKAGE PACKAGE="/Game/Experimental/BP_4CameraRig" FILE="C:/Users/CometGoat/Documents/GitHub/MLBA/MLBA/Content/Experimental/BP_4CameraRig.uasset" SILENT=true
[2017.03.25-12.25.52:581][ 14]LogSavePackage: Save=207.17ms
[2017.03.25-12.25.52:581][ 14]LogSavePackage: Moving 'C:/Users/CometGoat/Documents/GitHub/MLBA/MLBA/Saved/BP_4CameraRigD22C24BD423328C885A97F908D109291.tmp' to 'C:/Users/CometGoat/Documents/GitHub/MLBA/MLBA/Content/Experimental/BP_4CameraRig.uasset'
[2017.03.25-12.25.52:585][ 14]LogSavePackage:Display: Finished SavePackage C:/Users/CometGoat/Documents/GitHub/MLBA/MLBA/Content/Experimental/BP_4CameraRig.uasset
[2017.03.25-12.26.57:352][838]BlueprintLog: New page: Compile BP_4CameraRig
[2017.03.25-12.26.58:126][850]Cmd: OBJ SAVEPACKAGE PACKAGE="/Game/Experimental/BP_4CameraRig" FILE="C:/Users/CometGoat/Documents/GitHub/MLBA/MLBA/Content/Experimental/BP_4CameraRig.uasset" SILENT=true
[2017.03.25-12.26.58:358][850]LogSavePackage: Save=220.21ms
[2017.03.25-12.26.58:358][850]LogSavePackage: Moving 'C:/Users/CometGoat/Documents/GitHub/MLBA/MLBA/Saved/BP_4CameraRigEE423ABA418459B68648F38DECC17D7F.tmp' to 'C:/Users/CometGoat/Documents/GitHub/MLBA/MLBA/Content/Experimental/BP_4CameraRig.uasset'
[2017.03.25-12.26.58:363][850]LogSavePackage:Display: Finished SavePackage C:/Users/CometGoat/Documents/GitHub/MLBA/MLBA/Content/Experimental/BP_4CameraRig.uasset
[2017.03.25-12.27.09:189][367]BlueprintLog: New page: Compile BP_4CameraRig
[2017.03.25-12.27.10:364][404]Cmd: OBJ SAVEPACKAGE PACKAGE="/Game/Experimental/BP_4CameraRig" FILE="C:/Users/CometGoat/Documents/GitHub/MLBA/MLBA/Content/Experimental/BP_4CameraRig.uasset" SILENT=true
[2017.03.25-12.27.10:568][404]LogSavePackage: Save=195.51ms
[2017.03.25-12.27.10:568][404]LogSavePackage: Moving 'C:/Users/CometGoat/Documents/GitHub/MLBA/MLBA/Saved/BP_4CameraRig411DE9D24D47B6663003E88BCF271C18.tmp' to 'C:/Users/CometGoat/Documents/GitHub/MLBA/MLBA/Content/Experimental/BP_4CameraRig.uasset'
[2017.03.25-12.27.10:573][404]LogSavePackage:Display: Finished SavePackage C:/Users/CometGoat/Documents/GitHub/MLBA/MLBA/Content/Experimental/BP_4CameraRig.uasset
[2017.03.25-12.28.40:155][429]BlueprintLog: New page: Compile BP_4CameraRig
[2017.03.25-12.28.41:177][448]Cmd: OBJ SAVEPACKAGE PACKAGE="/Game/Experimental/BP_4CameraRig" FILE="C:/Users/CometGoat/Documents/GitHub/MLBA/MLBA/Content/Experimental/BP_4CameraRig.uasset" SILENT=true
[2017.03.25-12.28.41:393][448]LogSavePackage: Save=198.36ms
[2017.03.25-12.28.41:394][448]LogSavePackage: Moving 'C:/Users/CometGoat/Documents/GitHub/MLBA/MLBA/Saved/BP_4CameraRigF7AECAF440AF509E671442BB950B2817.tmp' to 'C:/Users/CometGoat/Documents/GitHub/MLBA/MLBA/Content/Experimental/BP_4CameraRig.uasset'
[2017.03.25-12.28.41:398][448]LogSavePackage:Display: Finished SavePackage C:/Users/CometGoat/Documents/GitHub/MLBA/MLBA/Content/Experimental/BP_4CameraRig.uasset
[2017.03.25-12.31.38:396][ 74]BlueprintLog: New page: Compile BP_4CameraRig
[2017.03.25-12.31.39:398][ 91]Cmd: OBJ SAVEPACKAGE PACKAGE="/Game/Experimental/BP_4CameraRig" FILE="C:/Users/CometGoat/Documents/GitHub/MLBA/MLBA/Content/Experimental/BP_4CameraRig.uasset" SILENT=true
[2017.03.25-12.31.39:612][ 91]LogSavePackage: Save=204.20ms
[2017.03.25-12.31.39:612][ 91]LogSavePackage: Moving 'C:/Users/CometGoat/Documents/GitHub/MLBA/MLBA/Saved/BP_4CameraRig2A9A7789409359E409D2D0A5C688023A.tmp' to 'C:/Users/CometGoat/Documents/GitHub/MLBA/MLBA/Content/Experimental/BP_4CameraRig.uasset'
[2017.03.25-12.31.39:616][ 91]LogSavePackage:Display: Finished SavePackage C:/Users/CometGoat/Documents/GitHub/MLBA/MLBA/Content/Experimental/BP_4CameraRig.uasset
[2017.03.25-12.36.05:799][887]BlueprintLog: New page: Compile BP_4CameraRig
[2017.03.25-12.36.06:676][902]Cmd: OBJ SAVEPACKAGE PACKAGE="/Game/Experimental/BP_4CameraRig" FILE="C:/Users/CometGoat/Documents/GitHub/MLBA/MLBA/Content/Experimental/BP_4CameraRig.uasset" SILENT=true
[2017.03.25-12.36.06:912][902]LogSavePackage: Save=218.16ms
[2017.03.25-12.36.06:912][902]LogSavePackage: Moving 'C:/Users/CometGoat/Documents/GitHub/MLBA/MLBA/Saved/BP_4CameraRigE6A756CA409CC7234716EA857497DE83.tmp' to 'C:/Users/CometGoat/Documents/GitHub/MLBA/MLBA/Content/Experimental/BP_4CameraRig.uasset'
[2017.03.25-12.36.06:917][902]LogSavePackage:Display: Finished SavePackage C:/Users/CometGoat/Documents/GitHub/MLBA/MLBA/Content/Experimental/BP_4CameraRig.uasset
[2017.03.25-12.37.09:753][554]BlueprintLog: New page: Compile BP_4CameraRig
[2017.03.25-12.37.10:673][569]Cmd: OBJ SAVEPACKAGE PACKAGE="/Game/Experimental/BP_4CameraRig" FILE="C:/Users/CometGoat/Documents/GitHub/MLBA/MLBA/Content/Experimental/BP_4CameraRig.uasset" SILENT=true
[2017.03.25-12.37.10:903][569]LogSavePackage: Save=218.51ms
[2017.03.25-12.37.10:903][569]LogSavePackage: Moving 'C:/Users/CometGoat/Documents/GitHub/MLBA/MLBA/Saved/BP_4CameraRig45C7F53C418A921F595C93968CB10FF7.tmp' to 'C:/Users/CometGoat/Documents/GitHub/MLBA/MLBA/Content/Experimental/BP_4CameraRig.uasset'
[2017.03.25-12.37.10:907][569]LogSavePackage:Display: Finished SavePackage C:/Users/CometGoat/Documents/GitHub/MLBA/MLBA/Content/Experimental/BP_4CameraRig.uasset
[2017.03.25-12.37.14:975][767]LogSlate: Took 0.025056 seconds to synchronously load lazily loaded font '../../../Engine/Content/Editor/Slate/Fonts/DroidSansMono.ttf' (77K)
[2017.03.25-12.37.15:758][808]LogSlate: Took 0.000325 seconds to synchronously load lazily loaded font '../../../Engine/Content/Slate/Fonts/Roboto-Light.ttf' (159K)
[2017.03.25-12.37.22:659][177]LogSpawn:Warning: UWorld::DestroyActor: World has no context! World: ThirdPersonExampleMap, Actor: /Game/ThirdPersonBP/Maps/ThirdPersonExampleMap.ThirdPersonExampleMap:PersistentLevel.DESTROYED_BP_Camera_C_CHILDACTOR_1
[2017.03.25-12.37.22:689][177]LogAIModule: Creating AISystem for world ThirdPersonExampleMap
[2017.03.25-12.37.22:695][177]LogSpawn:Warning: UWorld::DestroyActor: World has no context! World: ThirdPersonExampleMap, Actor: /Game/ThirdPersonBP/Maps/ThirdPersonExampleMap.ThirdPersonExampleMap:PersistentLevel.DESTROYED_BP_Camera_C_CHILDACTOR_3
[2017.03.25-12.37.22:696][177]LogSpawn:Warning: UWorld::DestroyActor: World has no context! World: ThirdPersonExampleMap, Actor: /Game/ThirdPersonBP/Maps/ThirdPersonExampleMap.ThirdPersonExampleMap:PersistentLevel.DESTROYED_BP_Camera_C_CHILDACTOR_12
[2017.03.25-12.37.22:697][177]LogSpawn:Warning: UWorld::DestroyActor: World has no context! World: ThirdPersonExampleMap, Actor: /Game/ThirdPersonBP/Maps/ThirdPersonExampleMap.ThirdPersonExampleMap:PersistentLevel.DESTROYED_BP_Camera_C_CHILDACTOR_30
[2017.03.25-12.37.22:697][177]LogSpawn:Warning: UWorld::DestroyActor: World has no context! World: ThirdPersonExampleMap, Actor: /Game/ThirdPersonBP/Maps/ThirdPersonExampleMap.ThirdPersonExampleMap:PersistentLevel.DESTROYED_BP_Camera_C_CHILDACTOR_56
[2017.03.25-12.37.22:742][177]Cmd: MAP LOAD FILE="C:/Users/CometGoat/Documents/GitHub/MLBA/MLBA/Content/ThirdPersonBP/Maps/ThirdPersonExampleMap.umap" TEMPLATE=0 SHOWPROGRESS=1 FEATURELEVEL=3
[2017.03.25-12.37.22:742][177]LightingResults: New page: Lighting Build
[2017.03.25-12.37.22:749][177]LoadErrors: New page: Loading map: ThirdPersonExampleMap.umap
[2017.03.25-12.37.22:761][177]MapCheck: New page: Map Check
[2017.03.25-12.37.22:761][177]LightingResults: New page: Lighting Build
[2017.03.25-12.37.23:016][177]LogEditorServer: Finished looking for orphan Actors (0.000 secs)
[2017.03.25-12.37.23:079][177]Cmd: MAP CHECKDEP NOCLEARLOG
[2017.03.25-12.37.23:142][177]MapCheck: Info Map check complete: 0 Error(s), 0 Warning(s), took 63.762ms to complete.
[2017.03.25-12.37.23:143][177]LogFileHelpers: Loading map 'ThirdPersonExampleMap' took 0.403
[2017.03.25-12.37.24:065][221]LogTemp: Repeting last play command: Selected Viewport
[2017.03.25-12.37.24:190][221]LogBlueprintUserMessages: Early PlayInEditor Detection: Level '/Game/ThirdPersonBP/Maps/ThirdPersonExampleMap.ThirdPersonExampleMap:PersistentLevel' has LevelScriptBlueprint '/Game/ThirdPersonBP/Maps/ThirdPersonExampleMap.ThirdPersonExampleMap:PersistentLevel.ThirdPersonExampleMap' with GeneratedClass '/Game/ThirdPersonBP/Maps/ThirdPersonExampleMap.ThirdPersonExampleMap_C' with ClassGeneratedBy '/Game/ThirdPersonBP/Maps/ThirdPersonExampleMap.ThirdPersonExampleMap:PersistentLevel.ThirdPersonExampleMap'
[2017.03.25-12.37.24:191][221]LogPlayLevel: PlayLevel: No blueprints needed recompiling
[2017.03.25-12.37.24:273][221]PIE: New page: PIE session: ThirdPersonExampleMap (25 Mar 2017 12:37:24)
[2017.03.25-12.37.24:287][221]LogPlayLevel: Creating play world package: /Game/ThirdPersonBP/Maps/UEDPIE_0_ThirdPersonExampleMap
[2017.03.25-12.37.24:338][221]LogPlayLevel: PIE: StaticDuplicateObject took: (0.051044s)
[2017.03.25-12.37.24:339][221]LogAIModule: Creating AISystem for world ThirdPersonExampleMap
[2017.03.25-12.37.24:340][221]LogPlayLevel: PIE: World Init took: (0.001613s)
[2017.03.25-12.37.24:340][221]LogPlayLevel: PIE: Created PIE world by copying editor world from /Game/ThirdPersonBP/Maps/ThirdPersonExampleMap.ThirdPersonExampleMap to /Game/ThirdPersonBP/Maps/UEDPIE_0_ThirdPersonExampleMap.ThirdPersonExampleMap (0.066940s)
[2017.03.25-12.37.24:387][221]LogInit: XAudio2 using 'HeadPhone/Digital Output (Realtek High Definition Audio)' : 2 channels at 48 kHz using 16 bits per sample (channel mask 0x3)
[2017.03.25-12.37.24:458][221]LogInit: FAudioDevice initialized.
[2017.03.25-12.37.24:601][221]LogLoad: Game class is 'Player_GameMode_C'
[2017.03.25-12.37.24:643][221]LogWorld: Bringing World /Game/ThirdPersonBP/Maps/UEDPIE_0_ThirdPersonExampleMap.ThirdPersonExampleMap up for play (max tick rate 60) at 2017.03.25-12.37.24
[2017.03.25-12.37.24:648][221]LogWorld: Bringing up level for play took: 0.008249
[2017.03.25-12.37.24:773][221]LogContentBrowser: Native class hierarchy updated for 'MovieSceneCapture' in 0.0011 seconds. Added 11 classes and 0 folders.
[2017.03.25-12.37.24:836][221]PIE: Info Play in editor start time for /Game/ThirdPersonBP/Maps/UEDPIE_0_ThirdPersonExampleMap 1.211
[2017.03.25-12.37.24:840][221]LogBlueprintUserMessages: Late PlayInEditor Detection: Level '/Game/ThirdPersonBP/Maps/ThirdPersonExampleMap.ThirdPersonExampleMap:PersistentLevel' has LevelScriptBlueprint '/Game/ThirdPersonBP/Maps/ThirdPersonExampleMap.ThirdPersonExampleMap:PersistentLevel.ThirdPersonExampleMap' with GeneratedClass '/Game/ThirdPersonBP/Maps/ThirdPersonExampleMap.ThirdPersonExampleMap_C' with ClassGeneratedBy '/Game/ThirdPersonBP/Maps/ThirdPersonExampleMap.ThirdPersonExampleMap:PersistentLevel.ThirdPersonExampleMap'
[2017.03.25-12.37.27:013][344]Cmd: LevelEditor.ToggleImmersive
[2017.03.25-12.37.27:250][345]LogRenderer: Reallocating scene render targets to support 1848x972 NumSamples 1 (Frame:108657).
[2017.03.25-12.37.27:319][346]LogRenderer: Reallocating scene render targets to support 1920x1020 NumSamples 1 (Frame:108659).
[2017.03.25-12.37.35:333][824]LogBlueprintUserMessages: Early EndPlayMap Detection: Level '/Game/ThirdPersonBP/Maps/ThirdPersonExampleMap.ThirdPersonExampleMap:PersistentLevel' has LevelScriptBlueprint '/Game/ThirdPersonBP/Maps/ThirdPersonExampleMap.ThirdPersonExampleMap:PersistentLevel.ThirdPersonExampleMap' with GeneratedClass '/Game/ThirdPersonBP/Maps/ThirdPersonExampleMap.ThirdPersonExampleMap_C' with ClassGeneratedBy '/Game/ThirdPersonBP/Maps/ThirdPersonExampleMap.ThirdPersonExampleMap:PersistentLevel.ThirdPersonExampleMap'
[2017.03.25-12.37.35:524][824]LogBlueprintUserMessages: Late EndPlayMap Detection: Level '/Game/ThirdPersonBP/Maps/ThirdPersonExampleMap.ThirdPersonExampleMap:PersistentLevel' has LevelScriptBlueprint '/Game/ThirdPersonBP/Maps/ThirdPersonExampleMap.ThirdPersonExampleMap:PersistentLevel.ThirdPersonExampleMap' with GeneratedClass '/Game/ThirdPersonBP/Maps/ThirdPersonExampleMap.ThirdPersonExampleMap_C' with ClassGeneratedBy '/Game/ThirdPersonBP/Maps/ThirdPersonExampleMap.ThirdPersonExampleMap:PersistentLevel.ThirdPersonExampleMap'
[2017.03.25-12.37.48:442][397]BlueprintLog: New page: Compile BP_4CameraRig
[2017.03.25-12.37.49:363][420]Cmd: OBJ SAVEPACKAGE PACKAGE="/Game/Experimental/BP_4CameraRig" FILE="C:/Users/CometGoat/Documents/GitHub/MLBA/MLBA/Content/Experimental/BP_4CameraRig.uasset" SILENT=true
[2017.03.25-12.37.49:582][420]LogSavePackage: Save=210.85ms
[2017.03.25-12.37.49:582][420]LogSavePackage: Moving 'C:/Users/CometGoat/Documents/GitHub/MLBA/MLBA/Saved/BP_4CameraRigB5344BB446F246973E344FAF5101FFCD.tmp' to 'C:/Users/CometGoat/Documents/GitHub/MLBA/MLBA/Content/Experimental/BP_4CameraRig.uasset'
[2017.03.25-12.37.49:587][420]LogSavePackage:Display: Finished SavePackage C:/Users/CometGoat/Documents/GitHub/MLBA/MLBA/Content/Experimental/BP_4CameraRig.uasset
